{"C:\\Users\\Nati\\OneDrive\\Desktop\\modules\\BackEnd\\Node workspace\\genres-Endpoint\\index.js": {"path":"C:\\Users\\Nati\\OneDrive\\Desktop\\modules\\BackEnd\\Node workspace\\genres-Endpoint\\index.js","statementMap":{"0":{"start":{"line":1,"column":16},"end":{"line":1,"column":34}},"1":{"start":{"line":2,"column":15},"end":{"line":2,"column":34}},"2":{"start":{"line":4,"column":16},"end":{"line":4,"column":34}},"3":{"start":{"line":5,"column":12},"end":{"line":5,"column":21}},"4":{"start":{"line":7,"column":0},"end":{"line":7,"column":33}},"5":{"start":{"line":8,"column":0},"end":{"line":8,"column":26}},"6":{"start":{"line":9,"column":0},"end":{"line":9,"column":30}},"7":{"start":{"line":10,"column":0},"end":{"line":10,"column":34}},"8":{"start":{"line":12,"column":0},"end":{"line":14,"column":3}},"9":{"start":{"line":13,"column":2},"end":{"line":13,"column":11}},"10":{"start":{"line":16,"column":13},"end":{"line":16,"column":37}},"11":{"start":{"line":17,"column":15},"end":{"line":19,"column":1}},"12":{"start":{"line":18,"column":2},"end":{"line":18,"column":49}},"13":{"start":{"line":20,"column":0},"end":{"line":20,"column":24}}},"fnMap":{"0":{"name":"(anonymous_0)","decl":{"start":{"line":12,"column":33},"end":{"line":12,"column":34}},"loc":{"start":{"line":12,"column":41},"end":{"line":14,"column":1}},"line":12},"1":{"name":"(anonymous_1)","decl":{"start":{"line":17,"column":32},"end":{"line":17,"column":33}},"loc":{"start":{"line":18,"column":2},"end":{"line":18,"column":49}},"line":18}},"branchMap":{"0":{"loc":{"start":{"line":16,"column":13},"end":{"line":16,"column":37}},"type":"binary-expr","locations":[{"start":{"line":16,"column":13},"end":{"line":16,"column":29}},{"start":{"line":16,"column":33},"end":{"line":16,"column":37}}],"line":16}},"s":{"0":2,"1":2,"2":2,"3":2,"4":2,"5":2,"6":2,"7":2,"8":2,"9":0,"10":2,"11":2,"12":2,"13":2},"f":{"0":0,"1":2},"b":{"0":[2,2]},"_coverageSchema":"1a1c01bbd47fc00a2c39e90264f33305004495a9","hash":"000ab4ffbdd4eddf0788c57d994e5d0655a17fdc"}
,"C:\\Users\\Nati\\OneDrive\\Desktop\\modules\\BackEnd\\Node workspace\\genres-Endpoint\\logger.js": {"path":"C:\\Users\\Nati\\OneDrive\\Desktop\\modules\\BackEnd\\Node workspace\\genres-Endpoint\\logger.js","statementMap":{"0":{"start":{"line":1,"column":16},"end":{"line":1,"column":34}},"1":{"start":{"line":3,"column":15},"end":{"line":20,"column":2}},"2":{"start":{"line":22,"column":0},"end":{"line":30,"column":1}},"3":{"start":{"line":23,"column":2},"end":{"line":29,"column":4}},"4":{"start":{"line":32,"column":0},"end":{"line":32,"column":24}}},"fnMap":{},"branchMap":{"0":{"loc":{"start":{"line":22,"column":0},"end":{"line":30,"column":1}},"type":"if","locations":[{"start":{"line":22,"column":0},"end":{"line":30,"column":1}},{"start":{},"end":{}}],"line":22}},"s":{"0":2,"1":2,"2":2,"3":2,"4":2},"f":{},"b":{"0":[2,0]},"_coverageSchema":"1a1c01bbd47fc00a2c39e90264f33305004495a9","hash":"0459b6ef49514975a4ae7f65c05abdcb25aa6161"}
,"C:\\Users\\Nati\\OneDrive\\Desktop\\modules\\BackEnd\\Node workspace\\genres-Endpoint\\middleware\\admin.js": {"path":"C:\\Users\\Nati\\OneDrive\\Desktop\\modules\\BackEnd\\Node workspace\\genres-Endpoint\\middleware\\admin.js","statementMap":{"0":{"start":{"line":1,"column":0},"end":{"line":5,"column":2}},"1":{"start":{"line":2,"column":2},"end":{"line":2,"column":70}},"2":{"start":{"line":2,"column":25},"end":{"line":2,"column":70}},"3":{"start":{"line":4,"column":2},"end":{"line":4,"column":9}}},"fnMap":{"0":{"name":"(anonymous_0)","decl":{"start":{"line":1,"column":17},"end":{"line":1,"column":18}},"loc":{"start":{"line":1,"column":43},"end":{"line":5,"column":1}},"line":1}},"branchMap":{"0":{"loc":{"start":{"line":2,"column":2},"end":{"line":2,"column":70}},"type":"if","locations":[{"start":{"line":2,"column":2},"end":{"line":2,"column":70}},{"start":{},"end":{}}],"line":2}},"s":{"0":2,"1":0,"2":0,"3":0},"f":{"0":0},"b":{"0":[0,0]},"_coverageSchema":"1a1c01bbd47fc00a2c39e90264f33305004495a9","hash":"ea506858b1bacacea01a0b5c7b34160431f8161c"}
,"C:\\Users\\Nati\\OneDrive\\Desktop\\modules\\BackEnd\\Node workspace\\genres-Endpoint\\middleware\\auth.js": {"path":"C:\\Users\\Nati\\OneDrive\\Desktop\\modules\\BackEnd\\Node workspace\\genres-Endpoint\\middleware\\auth.js","statementMap":{"0":{"start":{"line":1,"column":12},"end":{"line":1,"column":35}},"1":{"start":{"line":2,"column":15},"end":{"line":2,"column":32}},"2":{"start":{"line":3,"column":0},"end":{"line":14,"column":2}},"3":{"start":{"line":4,"column":16},"end":{"line":4,"column":42}},"4":{"start":{"line":5,"column":2},"end":{"line":5,"column":78}},"5":{"start":{"line":5,"column":14},"end":{"line":5,"column":78}},"6":{"start":{"line":7,"column":2},"end":{"line":13,"column":3}},"7":{"start":{"line":8,"column":20},"end":{"line":8,"column":66}},"8":{"start":{"line":9,"column":4},"end":{"line":9,"column":23}},"9":{"start":{"line":10,"column":4},"end":{"line":10,"column":11}},"10":{"start":{"line":12,"column":4},"end":{"line":12,"column":47}}},"fnMap":{"0":{"name":"(anonymous_0)","decl":{"start":{"line":3,"column":17},"end":{"line":3,"column":18}},"loc":{"start":{"line":3,"column":43},"end":{"line":14,"column":1}},"line":3}},"branchMap":{"0":{"loc":{"start":{"line":5,"column":2},"end":{"line":5,"column":78}},"type":"if","locations":[{"start":{"line":5,"column":2},"end":{"line":5,"column":78}},{"start":{},"end":{}}],"line":5}},"s":{"0":3,"1":3,"2":3,"3":9,"4":9,"5":2,"6":7,"7":7,"8":6,"9":6,"10":1},"f":{"0":9},"b":{"0":[2,7]},"_coverageSchema":"1a1c01bbd47fc00a2c39e90264f33305004495a9","hash":"8845f5bf7d116f35d3ef595f30df8f86ccb49259"}
,"C:\\Users\\Nati\\OneDrive\\Desktop\\modules\\BackEnd\\Node workspace\\genres-Endpoint\\middleware\\error.js": {"path":"C:\\Users\\Nati\\OneDrive\\Desktop\\modules\\BackEnd\\Node workspace\\genres-Endpoint\\middleware\\error.js","statementMap":{"0":{"start":{"line":1,"column":15},"end":{"line":1,"column":35}},"1":{"start":{"line":2,"column":0},"end":{"line":6,"column":2}},"2":{"start":{"line":3,"column":2},"end":{"line":3,"column":50}},"3":{"start":{"line":5,"column":2},"end":{"line":5,"column":45}}},"fnMap":{"0":{"name":"(anonymous_0)","decl":{"start":{"line":2,"column":17},"end":{"line":2,"column":18}},"loc":{"start":{"line":2,"column":48},"end":{"line":6,"column":1}},"line":2}},"branchMap":{},"s":{"0":2,"1":2,"2":0,"3":0},"f":{"0":0},"b":{},"_coverageSchema":"1a1c01bbd47fc00a2c39e90264f33305004495a9","hash":"c7fadbf42f6f61c6316cc74d9a828ec188b412a4"}
,"C:\\Users\\Nati\\OneDrive\\Desktop\\modules\\BackEnd\\Node workspace\\genres-Endpoint\\middleware\\validateObjectId.js": {"path":"C:\\Users\\Nati\\OneDrive\\Desktop\\modules\\BackEnd\\Node workspace\\genres-Endpoint\\middleware\\validateObjectId.js","statementMap":{"0":{"start":{"line":1,"column":17},"end":{"line":1,"column":36}},"1":{"start":{"line":2,"column":0},"end":{"line":6,"column":2}},"2":{"start":{"line":3,"column":2},"end":{"line":4,"column":46}},"3":{"start":{"line":4,"column":4},"end":{"line":4,"column":46}},"4":{"start":{"line":5,"column":2},"end":{"line":5,"column":9}}},"fnMap":{"0":{"name":"(anonymous_0)","decl":{"start":{"line":2,"column":17},"end":{"line":2,"column":18}},"loc":{"start":{"line":2,"column":43},"end":{"line":6,"column":1}},"line":2}},"branchMap":{"0":{"loc":{"start":{"line":3,"column":2},"end":{"line":4,"column":46}},"type":"if","locations":[{"start":{"line":3,"column":2},"end":{"line":4,"column":46}},{"start":{},"end":{}}],"line":3}},"s":{"0":2,"1":2,"2":2,"3":1,"4":1},"f":{"0":2},"b":{"0":[1,1]},"_coverageSchema":"1a1c01bbd47fc00a2c39e90264f33305004495a9","hash":"154c6904059b1ded77dccbb1753000c8727ad204"}
,"C:\\Users\\Nati\\OneDrive\\Desktop\\modules\\BackEnd\\Node workspace\\genres-Endpoint\\model\\customer.js": {"path":"C:\\Users\\Nati\\OneDrive\\Desktop\\modules\\BackEnd\\Node workspace\\genres-Endpoint\\model\\customer.js","statementMap":{"0":{"start":{"line":1,"column":12},"end":{"line":1,"column":26}},"1":{"start":{"line":2,"column":17},"end":{"line":2,"column":36}},"2":{"start":{"line":4,"column":23},"end":{"line":14,"column":2}},"3":{"start":{"line":16,"column":18},"end":{"line":16,"column":60}},"4":{"start":{"line":18,"column":18},"end":{"line":25,"column":1}},"5":{"start":{"line":19,"column":17},"end":{"line":23,"column":4}},"6":{"start":{"line":24,"column":2},"end":{"line":24,"column":35}},"7":{"start":{"line":27,"column":0},"end":{"line":27,"column":30}},"8":{"start":{"line":28,"column":0},"end":{"line":28,"column":30}}},"fnMap":{"0":{"name":"(anonymous_0)","decl":{"start":{"line":18,"column":18},"end":{"line":18,"column":19}},"loc":{"start":{"line":18,"column":33},"end":{"line":25,"column":1}},"line":18}},"branchMap":{},"s":{"0":2,"1":2,"2":2,"3":2,"4":2,"5":0,"6":0,"7":2,"8":2},"f":{"0":0},"b":{},"_coverageSchema":"1a1c01bbd47fc00a2c39e90264f33305004495a9","hash":"252d2b564c427ba814b417c797cf7dddbd10bba3"}
,"C:\\Users\\Nati\\OneDrive\\Desktop\\modules\\BackEnd\\Node workspace\\genres-Endpoint\\model\\genre.js": {"path":"C:\\Users\\Nati\\OneDrive\\Desktop\\modules\\BackEnd\\Node workspace\\genres-Endpoint\\model\\genre.js","statementMap":{"0":{"start":{"line":1,"column":12},"end":{"line":1,"column":26}},"1":{"start":{"line":2,"column":17},"end":{"line":2,"column":36}},"2":{"start":{"line":4,"column":20},"end":{"line":11,"column":2}},"3":{"start":{"line":13,"column":15},"end":{"line":13,"column":52}},"4":{"start":{"line":15,"column":18},"end":{"line":20,"column":1}},"5":{"start":{"line":16,"column":17},"end":{"line":18,"column":4}},"6":{"start":{"line":19,"column":2},"end":{"line":19,"column":35}},"7":{"start":{"line":21,"column":0},"end":{"line":21,"column":34}},"8":{"start":{"line":22,"column":0},"end":{"line":22,"column":24}},"9":{"start":{"line":23,"column":0},"end":{"line":23,"column":30}}},"fnMap":{"0":{"name":"(anonymous_0)","decl":{"start":{"line":15,"column":18},"end":{"line":15,"column":19}},"loc":{"start":{"line":15,"column":33},"end":{"line":20,"column":1}},"line":15}},"branchMap":{},"s":{"0":2,"1":2,"2":2,"3":2,"4":2,"5":5,"6":5,"7":2,"8":2,"9":2},"f":{"0":5},"b":{},"_coverageSchema":"1a1c01bbd47fc00a2c39e90264f33305004495a9","hash":"7c1eb79ae5d8576c6a185972faf1588826fdd557"}
,"C:\\Users\\Nati\\OneDrive\\Desktop\\modules\\BackEnd\\Node workspace\\genres-Endpoint\\model\\movies.js": {"path":"C:\\Users\\Nati\\OneDrive\\Desktop\\modules\\BackEnd\\Node workspace\\genres-Endpoint\\model\\movies.js","statementMap":{"0":{"start":{"line":1,"column":12},"end":{"line":1,"column":26}},"1":{"start":{"line":2,"column":17},"end":{"line":2,"column":36}},"2":{"start":{"line":3,"column":24},"end":{"line":3,"column":42}},"3":{"start":{"line":4,"column":20},"end":{"line":18,"column":2}},"4":{"start":{"line":20,"column":15},"end":{"line":20,"column":51}},"5":{"start":{"line":22,"column":18},"end":{"line":30,"column":1}},"6":{"start":{"line":23,"column":17},"end":{"line":28,"column":4}},"7":{"start":{"line":29,"column":2},"end":{"line":29,"column":35}},"8":{"start":{"line":32,"column":0},"end":{"line":32,"column":24}},"9":{"start":{"line":33,"column":0},"end":{"line":33,"column":30}}},"fnMap":{"0":{"name":"(anonymous_0)","decl":{"start":{"line":22,"column":18},"end":{"line":22,"column":19}},"loc":{"start":{"line":22,"column":33},"end":{"line":30,"column":1}},"line":22}},"branchMap":{},"s":{"0":2,"1":2,"2":2,"3":2,"4":2,"5":2,"6":0,"7":0,"8":2,"9":2},"f":{"0":0},"b":{},"_coverageSchema":"1a1c01bbd47fc00a2c39e90264f33305004495a9","hash":"23eaa901742e04b3f218b577aebf6f6ec56748a2"}
,"C:\\Users\\Nati\\OneDrive\\Desktop\\modules\\BackEnd\\Node workspace\\genres-Endpoint\\model\\rental.js": {"path":"C:\\Users\\Nati\\OneDrive\\Desktop\\modules\\BackEnd\\Node workspace\\genres-Endpoint\\model\\rental.js","statementMap":{"0":{"start":{"line":1,"column":12},"end":{"line":1,"column":26}},"1":{"start":{"line":2,"column":17},"end":{"line":2,"column":36}},"2":{"start":{"line":4,"column":21},"end":{"line":55,"column":2}},"3":{"start":{"line":57,"column":15},"end":{"line":57,"column":53}},"4":{"start":{"line":59,"column":17},"end":{"line":65,"column":1}},"5":{"start":{"line":60,"column":17},"end":{"line":63,"column":4}},"6":{"start":{"line":64,"column":2},"end":{"line":64,"column":35}},"7":{"start":{"line":66,"column":0},"end":{"line":66,"column":24}},"8":{"start":{"line":67,"column":0},"end":{"line":67,"column":28}}},"fnMap":{"0":{"name":"(anonymous_0)","decl":{"start":{"line":59,"column":17},"end":{"line":59,"column":18}},"loc":{"start":{"line":59,"column":32},"end":{"line":65,"column":1}},"line":59}},"branchMap":{},"s":{"0":2,"1":2,"2":2,"3":2,"4":2,"5":0,"6":0,"7":2,"8":2},"f":{"0":0},"b":{},"_coverageSchema":"1a1c01bbd47fc00a2c39e90264f33305004495a9","hash":"4f022426697a82c0a9d8cae40e3fc1a4628d3d25"}
,"C:\\Users\\Nati\\OneDrive\\Desktop\\modules\\BackEnd\\Node workspace\\genres-Endpoint\\model\\user.js": {"path":"C:\\Users\\Nati\\OneDrive\\Desktop\\modules\\BackEnd\\Node workspace\\genres-Endpoint\\model\\user.js","statementMap":{"0":{"start":{"line":1,"column":12},"end":{"line":1,"column":26}},"1":{"start":{"line":2,"column":15},"end":{"line":2,"column":32}},"2":{"start":{"line":3,"column":12},"end":{"line":3,"column":35}},"3":{"start":{"line":4,"column":17},"end":{"line":4,"column":36}},"4":{"start":{"line":6,"column":19},"end":{"line":26,"column":2}},"5":{"start":{"line":28,"column":0},"end":{"line":34,"column":2}},"6":{"start":{"line":29,"column":16},"end":{"line":32,"column":3}},"7":{"start":{"line":33,"column":2},"end":{"line":33,"column":15}},"8":{"start":{"line":35,"column":13},"end":{"line":35,"column":47}},"9":{"start":{"line":37,"column":17},"end":{"line":55,"column":1}},"10":{"start":{"line":38,"column":17},"end":{"line":53,"column":4}},"11":{"start":{"line":54,"column":2},"end":{"line":54,"column":35}},"12":{"start":{"line":57,"column":0},"end":{"line":57,"column":20}},"13":{"start":{"line":58,"column":0},"end":{"line":58,"column":28}}},"fnMap":{"0":{"name":"(anonymous_0)","decl":{"start":{"line":28,"column":39},"end":{"line":28,"column":40}},"loc":{"start":{"line":28,"column":51},"end":{"line":34,"column":1}},"line":28},"1":{"name":"(anonymous_1)","decl":{"start":{"line":37,"column":17},"end":{"line":37,"column":18}},"loc":{"start":{"line":37,"column":32},"end":{"line":55,"column":1}},"line":37}},"branchMap":{},"s":{"0":4,"1":4,"2":4,"3":4,"4":4,"5":4,"6":10,"7":10,"8":4,"9":4,"10":0,"11":0,"12":4,"13":4},"f":{"0":10,"1":0},"b":{},"_coverageSchema":"1a1c01bbd47fc00a2c39e90264f33305004495a9","hash":"9205cda9efca73cb9a3d387566f2d43f9a865820"}
,"C:\\Users\\Nati\\OneDrive\\Desktop\\modules\\BackEnd\\Node workspace\\genres-Endpoint\\routes\\auth.js": {"path":"C:\\Users\\Nati\\OneDrive\\Desktop\\modules\\BackEnd\\Node workspace\\genres-Endpoint\\routes\\auth.js","statementMap":{"0":{"start":{"line":1,"column":12},"end":{"line":1,"column":26}},"1":{"start":{"line":2,"column":15},"end":{"line":2,"column":32}},"2":{"start":{"line":3,"column":17},"end":{"line":3,"column":41}},"3":{"start":{"line":4,"column":16},"end":{"line":4,"column":34}},"4":{"start":{"line":5,"column":15},"end":{"line":5,"column":31}},"5":{"start":{"line":7,"column":0},"end":{"line":20,"column":3}},"6":{"start":{"line":8,"column":20},"end":{"line":8,"column":33}},"7":{"start":{"line":9,"column":2},"end":{"line":9,"column":67}},"8":{"start":{"line":9,"column":13},"end":{"line":9,"column":67}},"9":{"start":{"line":11,"column":13},"end":{"line":11,"column":58}},"10":{"start":{"line":12,"column":2},"end":{"line":12,"column":71}},"11":{"start":{"line":12,"column":13},"end":{"line":12,"column":71}},"12":{"start":{"line":14,"column":24},"end":{"line":14,"column":78}},"13":{"start":{"line":16,"column":2},"end":{"line":16,"column":80}},"14":{"start":{"line":16,"column":22},"end":{"line":16,"column":80}},"15":{"start":{"line":18,"column":16},"end":{"line":18,"column":40}},"16":{"start":{"line":19,"column":2},"end":{"line":19,"column":18}},"17":{"start":{"line":22,"column":17},"end":{"line":28,"column":1}},"18":{"start":{"line":23,"column":17},"end":{"line":26,"column":4}},"19":{"start":{"line":27,"column":2},"end":{"line":27,"column":35}},"20":{"start":{"line":30,"column":0},"end":{"line":30,"column":24}}},"fnMap":{"0":{"name":"(anonymous_0)","decl":{"start":{"line":7,"column":17},"end":{"line":7,"column":18}},"loc":{"start":{"line":7,"column":37},"end":{"line":20,"column":1}},"line":7},"1":{"name":"(anonymous_1)","decl":{"start":{"line":22,"column":17},"end":{"line":22,"column":18}},"loc":{"start":{"line":22,"column":32},"end":{"line":28,"column":1}},"line":22}},"branchMap":{"0":{"loc":{"start":{"line":9,"column":2},"end":{"line":9,"column":67}},"type":"if","locations":[{"start":{"line":9,"column":2},"end":{"line":9,"column":67}},{"start":{},"end":{}}],"line":9},"1":{"loc":{"start":{"line":12,"column":2},"end":{"line":12,"column":71}},"type":"if","locations":[{"start":{"line":12,"column":2},"end":{"line":12,"column":71}},{"start":{},"end":{}}],"line":12},"2":{"loc":{"start":{"line":16,"column":2},"end":{"line":16,"column":80}},"type":"if","locations":[{"start":{"line":16,"column":2},"end":{"line":16,"column":80}},{"start":{},"end":{}}],"line":16}},"s":{"0":2,"1":2,"2":2,"3":2,"4":2,"5":2,"6":0,"7":0,"8":0,"9":0,"10":0,"11":0,"12":0,"13":0,"14":0,"15":0,"16":0,"17":2,"18":0,"19":0,"20":2},"f":{"0":0,"1":0},"b":{"0":[0,0],"1":[0,0],"2":[0,0]},"_coverageSchema":"1a1c01bbd47fc00a2c39e90264f33305004495a9","hash":"163568b4c3df921d225ceb414cffd064c9a6ed8c"}
,"C:\\Users\\Nati\\OneDrive\\Desktop\\modules\\BackEnd\\Node workspace\\genres-Endpoint\\routes\\customer.js": {"path":"C:\\Users\\Nati\\OneDrive\\Desktop\\modules\\BackEnd\\Node workspace\\genres-Endpoint\\routes\\customer.js","statementMap":{"0":{"start":{"line":1,"column":16},"end":{"line":1,"column":34}},"1":{"start":{"line":2,"column":15},"end":{"line":2,"column":31}},"2":{"start":{"line":3,"column":33},"end":{"line":3,"column":61}},"3":{"start":{"line":5,"column":0},"end":{"line":11,"column":3}},"4":{"start":{"line":6,"column":19},"end":{"line":9,"column":4}},"5":{"start":{"line":10,"column":2},"end":{"line":10,"column":21}},"6":{"start":{"line":13,"column":0},"end":{"line":17,"column":3}},"7":{"start":{"line":14,"column":19},"end":{"line":14,"column":58}},"8":{"start":{"line":15,"column":2},"end":{"line":15,"column":78}},"9":{"start":{"line":15,"column":17},"end":{"line":15,"column":78}},"10":{"start":{"line":16,"column":2},"end":{"line":16,"column":21}},"11":{"start":{"line":19,"column":0},"end":{"line":29,"column":3}},"12":{"start":{"line":20,"column":27},"end":{"line":20,"column":41}},"13":{"start":{"line":21,"column":2},"end":{"line":21,"column":67}},"14":{"start":{"line":21,"column":13},"end":{"line":21,"column":67}},"15":{"start":{"line":22,"column":17},"end":{"line":26,"column":4}},"16":{"start":{"line":27,"column":2},"end":{"line":27,"column":35}},"17":{"start":{"line":28,"column":2},"end":{"line":28,"column":21}},"18":{"start":{"line":31,"column":0},"end":{"line":47,"column":3}},"19":{"start":{"line":32,"column":20},"end":{"line":32,"column":34}},"20":{"start":{"line":33,"column":2},"end":{"line":33,"column":67}},"21":{"start":{"line":33,"column":13},"end":{"line":33,"column":67}},"22":{"start":{"line":35,"column":17},"end":{"line":42,"column":3}},"23":{"start":{"line":44,"column":2},"end":{"line":44,"column":74}},"24":{"start":{"line":44,"column":17},"end":{"line":44,"column":74}},"25":{"start":{"line":46,"column":2},"end":{"line":46,"column":21}},"26":{"start":{"line":49,"column":0},"end":{"line":53,"column":3}},"27":{"start":{"line":50,"column":19},"end":{"line":50,"column":68}},"28":{"start":{"line":51,"column":2},"end":{"line":51,"column":74}},"29":{"start":{"line":51,"column":17},"end":{"line":51,"column":74}},"30":{"start":{"line":52,"column":2},"end":{"line":52,"column":21}},"31":{"start":{"line":55,"column":0},"end":{"line":55,"column":24}}},"fnMap":{"0":{"name":"(anonymous_0)","decl":{"start":{"line":5,"column":16},"end":{"line":5,"column":17}},"loc":{"start":{"line":5,"column":36},"end":{"line":11,"column":1}},"line":5},"1":{"name":"(anonymous_1)","decl":{"start":{"line":13,"column":19},"end":{"line":13,"column":20}},"loc":{"start":{"line":13,"column":39},"end":{"line":17,"column":1}},"line":13},"2":{"name":"(anonymous_2)","decl":{"start":{"line":19,"column":17},"end":{"line":19,"column":18}},"loc":{"start":{"line":19,"column":37},"end":{"line":29,"column":1}},"line":19},"3":{"name":"(anonymous_3)","decl":{"start":{"line":31,"column":19},"end":{"line":31,"column":20}},"loc":{"start":{"line":31,"column":39},"end":{"line":47,"column":1}},"line":31},"4":{"name":"(anonymous_4)","decl":{"start":{"line":49,"column":22},"end":{"line":49,"column":23}},"loc":{"start":{"line":49,"column":42},"end":{"line":53,"column":1}},"line":49}},"branchMap":{"0":{"loc":{"start":{"line":15,"column":2},"end":{"line":15,"column":78}},"type":"if","locations":[{"start":{"line":15,"column":2},"end":{"line":15,"column":78}},{"start":{},"end":{}}],"line":15},"1":{"loc":{"start":{"line":21,"column":2},"end":{"line":21,"column":67}},"type":"if","locations":[{"start":{"line":21,"column":2},"end":{"line":21,"column":67}},{"start":{},"end":{}}],"line":21},"2":{"loc":{"start":{"line":33,"column":2},"end":{"line":33,"column":67}},"type":"if","locations":[{"start":{"line":33,"column":2},"end":{"line":33,"column":67}},{"start":{},"end":{}}],"line":33},"3":{"loc":{"start":{"line":44,"column":2},"end":{"line":44,"column":74}},"type":"if","locations":[{"start":{"line":44,"column":2},"end":{"line":44,"column":74}},{"start":{},"end":{}}],"line":44},"4":{"loc":{"start":{"line":51,"column":2},"end":{"line":51,"column":74}},"type":"if","locations":[{"start":{"line":51,"column":2},"end":{"line":51,"column":74}},{"start":{},"end":{}}],"line":51}},"s":{"0":2,"1":2,"2":2,"3":2,"4":0,"5":0,"6":2,"7":0,"8":0,"9":0,"10":0,"11":2,"12":0,"13":0,"14":0,"15":0,"16":0,"17":0,"18":2,"19":0,"20":0,"21":0,"22":0,"23":0,"24":0,"25":0,"26":2,"27":0,"28":0,"29":0,"30":0,"31":2},"f":{"0":0,"1":0,"2":0,"3":0,"4":0},"b":{"0":[0,0],"1":[0,0],"2":[0,0],"3":[0,0],"4":[0,0]},"_coverageSchema":"1a1c01bbd47fc00a2c39e90264f33305004495a9","hash":"a7676df8408fdf1ad6eddd7daf0e19af93c35ea9"}
,"C:\\Users\\Nati\\OneDrive\\Desktop\\modules\\BackEnd\\Node workspace\\genres-Endpoint\\routes\\genres.js": {"path":"C:\\Users\\Nati\\OneDrive\\Desktop\\modules\\BackEnd\\Node workspace\\genres-Endpoint\\routes\\genres.js","statementMap":{"0":{"start":{"line":1,"column":25},"end":{"line":1,"column":66}},"1":{"start":{"line":2,"column":17},"end":{"line":2,"column":36}},"2":{"start":{"line":3,"column":16},"end":{"line":3,"column":34}},"3":{"start":{"line":4,"column":15},"end":{"line":4,"column":31}},"4":{"start":{"line":5,"column":13},"end":{"line":5,"column":42}},"5":{"start":{"line":6,"column":14},"end":{"line":6,"column":44}},"6":{"start":{"line":7,"column":30},"end":{"line":7,"column":55}},"7":{"start":{"line":10,"column":0},"end":{"line":16,"column":3}},"8":{"start":{"line":11,"column":16},"end":{"line":14,"column":4}},"9":{"start":{"line":15,"column":2},"end":{"line":15,"column":18}},"10":{"start":{"line":18,"column":0},"end":{"line":22,"column":3}},"11":{"start":{"line":19,"column":16},"end":{"line":19,"column":52}},"12":{"start":{"line":20,"column":2},"end":{"line":20,"column":71}},"13":{"start":{"line":20,"column":14},"end":{"line":20,"column":71}},"14":{"start":{"line":21,"column":2},"end":{"line":21,"column":18}},"15":{"start":{"line":24,"column":0},"end":{"line":34,"column":3}},"16":{"start":{"line":25,"column":20},"end":{"line":25,"column":34}},"17":{"start":{"line":26,"column":2},"end":{"line":26,"column":67}},"18":{"start":{"line":26,"column":13},"end":{"line":26,"column":67}},"19":{"start":{"line":28,"column":14},"end":{"line":30,"column":4}},"20":{"start":{"line":31,"column":2},"end":{"line":31,"column":29}},"21":{"start":{"line":33,"column":2},"end":{"line":33,"column":18}},"22":{"start":{"line":36,"column":0},"end":{"line":51,"column":3}},"23":{"start":{"line":37,"column":20},"end":{"line":37,"column":34}},"24":{"start":{"line":38,"column":2},"end":{"line":38,"column":67}},"25":{"start":{"line":38,"column":13},"end":{"line":38,"column":67}},"26":{"start":{"line":40,"column":14},"end":{"line":46,"column":3}},"27":{"start":{"line":48,"column":2},"end":{"line":48,"column":67}},"28":{"start":{"line":48,"column":14},"end":{"line":48,"column":67}},"29":{"start":{"line":50,"column":2},"end":{"line":50,"column":18}},"30":{"start":{"line":53,"column":0},"end":{"line":57,"column":3}},"31":{"start":{"line":54,"column":16},"end":{"line":54,"column":61}},"32":{"start":{"line":55,"column":2},"end":{"line":55,"column":67}},"33":{"start":{"line":55,"column":14},"end":{"line":55,"column":67}},"34":{"start":{"line":56,"column":2},"end":{"line":56,"column":18}},"35":{"start":{"line":59,"column":0},"end":{"line":59,"column":24}}},"fnMap":{"0":{"name":"(anonymous_0)","decl":{"start":{"line":10,"column":16},"end":{"line":10,"column":17}},"loc":{"start":{"line":10,"column":36},"end":{"line":16,"column":1}},"line":10},"1":{"name":"(anonymous_1)","decl":{"start":{"line":18,"column":37},"end":{"line":18,"column":38}},"loc":{"start":{"line":18,"column":57},"end":{"line":22,"column":1}},"line":18},"2":{"name":"(anonymous_2)","decl":{"start":{"line":24,"column":23},"end":{"line":24,"column":24}},"loc":{"start":{"line":24,"column":43},"end":{"line":34,"column":1}},"line":24},"3":{"name":"(anonymous_3)","decl":{"start":{"line":36,"column":25},"end":{"line":36,"column":26}},"loc":{"start":{"line":36,"column":45},"end":{"line":51,"column":1}},"line":36},"4":{"name":"(anonymous_4)","decl":{"start":{"line":53,"column":37},"end":{"line":53,"column":38}},"loc":{"start":{"line":53,"column":57},"end":{"line":57,"column":1}},"line":53}},"branchMap":{"0":{"loc":{"start":{"line":20,"column":2},"end":{"line":20,"column":71}},"type":"if","locations":[{"start":{"line":20,"column":2},"end":{"line":20,"column":71}},{"start":{},"end":{}}],"line":20},"1":{"loc":{"start":{"line":26,"column":2},"end":{"line":26,"column":67}},"type":"if","locations":[{"start":{"line":26,"column":2},"end":{"line":26,"column":67}},{"start":{},"end":{}}],"line":26},"2":{"loc":{"start":{"line":38,"column":2},"end":{"line":38,"column":67}},"type":"if","locations":[{"start":{"line":38,"column":2},"end":{"line":38,"column":67}},{"start":{},"end":{}}],"line":38},"3":{"loc":{"start":{"line":48,"column":2},"end":{"line":48,"column":67}},"type":"if","locations":[{"start":{"line":48,"column":2},"end":{"line":48,"column":67}},{"start":{},"end":{}}],"line":48},"4":{"loc":{"start":{"line":55,"column":2},"end":{"line":55,"column":67}},"type":"if","locations":[{"start":{"line":55,"column":2},"end":{"line":55,"column":67}},{"start":{},"end":{}}],"line":55}},"s":{"0":2,"1":2,"2":2,"3":2,"4":2,"5":2,"6":2,"7":2,"8":1,"9":1,"10":2,"11":1,"12":1,"13":0,"14":1,"15":2,"16":5,"17":5,"18":2,"19":3,"20":3,"21":3,"22":2,"23":0,"24":0,"25":0,"26":0,"27":0,"28":0,"29":0,"30":2,"31":0,"32":0,"33":0,"34":0,"35":2},"f":{"0":1,"1":1,"2":5,"3":0,"4":0},"b":{"0":[0,1],"1":[2,3],"2":[0,0],"3":[0,0],"4":[0,0]},"_coverageSchema":"1a1c01bbd47fc00a2c39e90264f33305004495a9","hash":"ac09818e52939f8687e2ec26ca8a075d3be95285"}
,"C:\\Users\\Nati\\OneDrive\\Desktop\\modules\\BackEnd\\Node workspace\\genres-Endpoint\\routes\\movies.js": {"path":"C:\\Users\\Nati\\OneDrive\\Desktop\\modules\\BackEnd\\Node workspace\\genres-Endpoint\\routes\\movies.js","statementMap":{"0":{"start":{"line":1,"column":16},"end":{"line":1,"column":34}},"1":{"start":{"line":2,"column":15},"end":{"line":2,"column":31}},"2":{"start":{"line":3,"column":30},"end":{"line":3,"column":56}},"3":{"start":{"line":4,"column":19},"end":{"line":4,"column":44}},"4":{"start":{"line":6,"column":0},"end":{"line":12,"column":3}},"5":{"start":{"line":7,"column":16},"end":{"line":10,"column":4}},"6":{"start":{"line":11,"column":2},"end":{"line":11,"column":18}},"7":{"start":{"line":14,"column":0},"end":{"line":18,"column":3}},"8":{"start":{"line":15,"column":16},"end":{"line":15,"column":52}},"9":{"start":{"line":16,"column":2},"end":{"line":16,"column":71}},"10":{"start":{"line":16,"column":14},"end":{"line":16,"column":71}},"11":{"start":{"line":17,"column":2},"end":{"line":17,"column":18}},"12":{"start":{"line":20,"column":0},"end":{"line":38,"column":3}},"13":{"start":{"line":21,"column":27},"end":{"line":21,"column":41}},"14":{"start":{"line":22,"column":2},"end":{"line":22,"column":67}},"15":{"start":{"line":22,"column":13},"end":{"line":22,"column":67}},"16":{"start":{"line":24,"column":16},"end":{"line":24,"column":55}},"17":{"start":{"line":25,"column":2},"end":{"line":25,"column":62}},"18":{"start":{"line":25,"column":14},"end":{"line":25,"column":62}},"19":{"start":{"line":27,"column":14},"end":{"line":35,"column":4}},"20":{"start":{"line":36,"column":2},"end":{"line":36,"column":29}},"21":{"start":{"line":37,"column":2},"end":{"line":37,"column":18}},"22":{"start":{"line":40,"column":0},"end":{"line":64,"column":3}},"23":{"start":{"line":41,"column":20},"end":{"line":41,"column":34}},"24":{"start":{"line":42,"column":2},"end":{"line":42,"column":67}},"25":{"start":{"line":42,"column":13},"end":{"line":42,"column":67}},"26":{"start":{"line":44,"column":16},"end":{"line":44,"column":49}},"27":{"start":{"line":45,"column":2},"end":{"line":45,"column":62}},"28":{"start":{"line":45,"column":14},"end":{"line":45,"column":62}},"29":{"start":{"line":47,"column":16},"end":{"line":59,"column":3}},"30":{"start":{"line":61,"column":2},"end":{"line":61,"column":67}},"31":{"start":{"line":61,"column":14},"end":{"line":61,"column":67}},"32":{"start":{"line":63,"column":2},"end":{"line":63,"column":18}},"33":{"start":{"line":66,"column":0},"end":{"line":70,"column":3}},"34":{"start":{"line":67,"column":16},"end":{"line":67,"column":61}},"35":{"start":{"line":68,"column":2},"end":{"line":68,"column":67}},"36":{"start":{"line":68,"column":14},"end":{"line":68,"column":67}},"37":{"start":{"line":69,"column":2},"end":{"line":69,"column":18}},"38":{"start":{"line":72,"column":0},"end":{"line":72,"column":24}}},"fnMap":{"0":{"name":"(anonymous_0)","decl":{"start":{"line":6,"column":16},"end":{"line":6,"column":17}},"loc":{"start":{"line":6,"column":36},"end":{"line":12,"column":1}},"line":6},"1":{"name":"(anonymous_1)","decl":{"start":{"line":14,"column":19},"end":{"line":14,"column":20}},"loc":{"start":{"line":14,"column":39},"end":{"line":18,"column":1}},"line":14},"2":{"name":"(anonymous_2)","decl":{"start":{"line":20,"column":17},"end":{"line":20,"column":18}},"loc":{"start":{"line":20,"column":37},"end":{"line":38,"column":1}},"line":20},"3":{"name":"(anonymous_3)","decl":{"start":{"line":40,"column":19},"end":{"line":40,"column":20}},"loc":{"start":{"line":40,"column":39},"end":{"line":64,"column":1}},"line":40},"4":{"name":"(anonymous_4)","decl":{"start":{"line":66,"column":22},"end":{"line":66,"column":23}},"loc":{"start":{"line":66,"column":42},"end":{"line":70,"column":1}},"line":66}},"branchMap":{"0":{"loc":{"start":{"line":16,"column":2},"end":{"line":16,"column":71}},"type":"if","locations":[{"start":{"line":16,"column":2},"end":{"line":16,"column":71}},{"start":{},"end":{}}],"line":16},"1":{"loc":{"start":{"line":22,"column":2},"end":{"line":22,"column":67}},"type":"if","locations":[{"start":{"line":22,"column":2},"end":{"line":22,"column":67}},{"start":{},"end":{}}],"line":22},"2":{"loc":{"start":{"line":25,"column":2},"end":{"line":25,"column":62}},"type":"if","locations":[{"start":{"line":25,"column":2},"end":{"line":25,"column":62}},{"start":{},"end":{}}],"line":25},"3":{"loc":{"start":{"line":42,"column":2},"end":{"line":42,"column":67}},"type":"if","locations":[{"start":{"line":42,"column":2},"end":{"line":42,"column":67}},{"start":{},"end":{}}],"line":42},"4":{"loc":{"start":{"line":45,"column":2},"end":{"line":45,"column":62}},"type":"if","locations":[{"start":{"line":45,"column":2},"end":{"line":45,"column":62}},{"start":{},"end":{}}],"line":45},"5":{"loc":{"start":{"line":61,"column":2},"end":{"line":61,"column":67}},"type":"if","locations":[{"start":{"line":61,"column":2},"end":{"line":61,"column":67}},{"start":{},"end":{}}],"line":61},"6":{"loc":{"start":{"line":68,"column":2},"end":{"line":68,"column":67}},"type":"if","locations":[{"start":{"line":68,"column":2},"end":{"line":68,"column":67}},{"start":{},"end":{}}],"line":68}},"s":{"0":2,"1":2,"2":2,"3":2,"4":2,"5":0,"6":0,"7":2,"8":0,"9":0,"10":0,"11":0,"12":2,"13":0,"14":0,"15":0,"16":0,"17":0,"18":0,"19":0,"20":0,"21":0,"22":2,"23":0,"24":0,"25":0,"26":0,"27":0,"28":0,"29":0,"30":0,"31":0,"32":0,"33":2,"34":0,"35":0,"36":0,"37":0,"38":2},"f":{"0":0,"1":0,"2":0,"3":0,"4":0},"b":{"0":[0,0],"1":[0,0],"2":[0,0],"3":[0,0],"4":[0,0],"5":[0,0],"6":[0,0]},"_coverageSchema":"1a1c01bbd47fc00a2c39e90264f33305004495a9","hash":"aac387fb5e70d74597f3e046117adc00869e8ccb"}
,"C:\\Users\\Nati\\OneDrive\\Desktop\\modules\\BackEnd\\Node workspace\\genres-Endpoint\\routes\\rental.js": {"path":"C:\\Users\\Nati\\OneDrive\\Desktop\\modules\\BackEnd\\Node workspace\\genres-Endpoint\\routes\\rental.js","statementMap":{"0":{"start":{"line":1,"column":29},"end":{"line":1,"column":55}},"1":{"start":{"line":2,"column":22},"end":{"line":2,"column":50}},"2":{"start":{"line":3,"column":19},"end":{"line":3,"column":45}},"3":{"start":{"line":4,"column":17},"end":{"line":4,"column":36}},"4":{"start":{"line":5,"column":16},"end":{"line":5,"column":34}},"5":{"start":{"line":6,"column":15},"end":{"line":6,"column":31}},"6":{"start":{"line":8,"column":0},"end":{"line":14,"column":3}},"7":{"start":{"line":9,"column":15},"end":{"line":12,"column":4}},"8":{"start":{"line":13,"column":2},"end":{"line":13,"column":17}},"9":{"start":{"line":16,"column":0},"end":{"line":20,"column":3}},"10":{"start":{"line":17,"column":15},"end":{"line":17,"column":51}},"11":{"start":{"line":18,"column":2},"end":{"line":18,"column":72}},"12":{"start":{"line":18,"column":13},"end":{"line":18,"column":72}},"13":{"start":{"line":19,"column":2},"end":{"line":19,"column":17}},"14":{"start":{"line":22,"column":0},"end":{"line":71,"column":3}},"15":{"start":{"line":23,"column":27},"end":{"line":23,"column":40}},"16":{"start":{"line":24,"column":2},"end":{"line":24,"column":67}},"17":{"start":{"line":24,"column":13},"end":{"line":24,"column":67}},"18":{"start":{"line":26,"column":18},"end":{"line":26,"column":47}},"19":{"start":{"line":27,"column":2},"end":{"line":27,"column":29}},"20":{"start":{"line":29,"column":2},"end":{"line":70,"column":3}},"21":{"start":{"line":30,"column":21},"end":{"line":32,"column":5}},"22":{"start":{"line":33,"column":4},"end":{"line":36,"column":63}},"23":{"start":{"line":34,"column":6},"end":{"line":36,"column":63}},"24":{"start":{"line":38,"column":18},"end":{"line":38,"column":74}},"25":{"start":{"line":39,"column":4},"end":{"line":39,"column":71}},"26":{"start":{"line":39,"column":16},"end":{"line":39,"column":71}},"27":{"start":{"line":41,"column":4},"end":{"line":42,"column":58}},"28":{"start":{"line":42,"column":6},"end":{"line":42,"column":58}},"29":{"start":{"line":44,"column":15},"end":{"line":56,"column":6}},"30":{"start":{"line":57,"column":4},"end":{"line":57,"column":40}},"31":{"start":{"line":59,"column":4},"end":{"line":59,"column":26}},"32":{"start":{"line":60,"column":19},"end":{"line":60,"column":48}},"33":{"start":{"line":62,"column":4},"end":{"line":62,"column":38}},"34":{"start":{"line":63,"column":4},"end":{"line":63,"column":25}},"35":{"start":{"line":64,"column":4},"end":{"line":64,"column":19}},"36":{"start":{"line":66,"column":4},"end":{"line":66,"column":37}},"37":{"start":{"line":67,"column":4},"end":{"line":67,"column":25}},"38":{"start":{"line":68,"column":4},"end":{"line":68,"column":50}},"39":{"start":{"line":69,"column":4},"end":{"line":69,"column":64}},"40":{"start":{"line":73,"column":0},"end":{"line":107,"column":3}},"41":{"start":{"line":74,"column":20},"end":{"line":74,"column":33}},"42":{"start":{"line":75,"column":2},"end":{"line":75,"column":67}},"43":{"start":{"line":75,"column":13},"end":{"line":75,"column":67}},"44":{"start":{"line":77,"column":19},"end":{"line":77,"column":58}},"45":{"start":{"line":78,"column":2},"end":{"line":81,"column":61}},"46":{"start":{"line":79,"column":4},"end":{"line":81,"column":61}},"47":{"start":{"line":82,"column":16},"end":{"line":82,"column":49}},"48":{"start":{"line":83,"column":2},"end":{"line":83,"column":69}},"49":{"start":{"line":83,"column":14},"end":{"line":83,"column":69}},"50":{"start":{"line":84,"column":2},"end":{"line":85,"column":56}},"51":{"start":{"line":85,"column":4},"end":{"line":85,"column":56}},"52":{"start":{"line":87,"column":13},"end":{"line":102,"column":3}},"53":{"start":{"line":104,"column":2},"end":{"line":104,"column":66}},"54":{"start":{"line":104,"column":13},"end":{"line":104,"column":66}},"55":{"start":{"line":106,"column":2},"end":{"line":106,"column":17}},"56":{"start":{"line":109,"column":0},"end":{"line":113,"column":3}},"57":{"start":{"line":110,"column":15},"end":{"line":110,"column":60}},"58":{"start":{"line":111,"column":2},"end":{"line":111,"column":66}},"59":{"start":{"line":111,"column":13},"end":{"line":111,"column":66}},"60":{"start":{"line":112,"column":2},"end":{"line":112,"column":17}},"61":{"start":{"line":115,"column":0},"end":{"line":115,"column":24}}},"fnMap":{"0":{"name":"(anonymous_0)","decl":{"start":{"line":8,"column":16},"end":{"line":8,"column":17}},"loc":{"start":{"line":8,"column":36},"end":{"line":14,"column":1}},"line":8},"1":{"name":"(anonymous_1)","decl":{"start":{"line":16,"column":19},"end":{"line":16,"column":20}},"loc":{"start":{"line":16,"column":39},"end":{"line":20,"column":1}},"line":16},"2":{"name":"(anonymous_2)","decl":{"start":{"line":22,"column":17},"end":{"line":22,"column":18}},"loc":{"start":{"line":22,"column":37},"end":{"line":71,"column":1}},"line":22},"3":{"name":"(anonymous_3)","decl":{"start":{"line":73,"column":19},"end":{"line":73,"column":20}},"loc":{"start":{"line":73,"column":39},"end":{"line":107,"column":1}},"line":73},"4":{"name":"(anonymous_4)","decl":{"start":{"line":109,"column":22},"end":{"line":109,"column":23}},"loc":{"start":{"line":109,"column":42},"end":{"line":113,"column":1}},"line":109}},"branchMap":{"0":{"loc":{"start":{"line":18,"column":2},"end":{"line":18,"column":72}},"type":"if","locations":[{"start":{"line":18,"column":2},"end":{"line":18,"column":72}},{"start":{},"end":{}}],"line":18},"1":{"loc":{"start":{"line":24,"column":2},"end":{"line":24,"column":67}},"type":"if","locations":[{"start":{"line":24,"column":2},"end":{"line":24,"column":67}},{"start":{},"end":{}}],"line":24},"2":{"loc":{"start":{"line":33,"column":4},"end":{"line":36,"column":63}},"type":"if","locations":[{"start":{"line":33,"column":4},"end":{"line":36,"column":63}},{"start":{},"end":{}}],"line":33},"3":{"loc":{"start":{"line":39,"column":4},"end":{"line":39,"column":71}},"type":"if","locations":[{"start":{"line":39,"column":4},"end":{"line":39,"column":71}},{"start":{},"end":{}}],"line":39},"4":{"loc":{"start":{"line":41,"column":4},"end":{"line":42,"column":58}},"type":"if","locations":[{"start":{"line":41,"column":4},"end":{"line":42,"column":58}},{"start":{},"end":{}}],"line":41},"5":{"loc":{"start":{"line":75,"column":2},"end":{"line":75,"column":67}},"type":"if","locations":[{"start":{"line":75,"column":2},"end":{"line":75,"column":67}},{"start":{},"end":{}}],"line":75},"6":{"loc":{"start":{"line":78,"column":2},"end":{"line":81,"column":61}},"type":"if","locations":[{"start":{"line":78,"column":2},"end":{"line":81,"column":61}},{"start":{},"end":{}}],"line":78},"7":{"loc":{"start":{"line":83,"column":2},"end":{"line":83,"column":69}},"type":"if","locations":[{"start":{"line":83,"column":2},"end":{"line":83,"column":69}},{"start":{},"end":{}}],"line":83},"8":{"loc":{"start":{"line":84,"column":2},"end":{"line":85,"column":56}},"type":"if","locations":[{"start":{"line":84,"column":2},"end":{"line":85,"column":56}},{"start":{},"end":{}}],"line":84},"9":{"loc":{"start":{"line":104,"column":2},"end":{"line":104,"column":66}},"type":"if","locations":[{"start":{"line":104,"column":2},"end":{"line":104,"column":66}},{"start":{},"end":{}}],"line":104},"10":{"loc":{"start":{"line":111,"column":2},"end":{"line":111,"column":66}},"type":"if","locations":[{"start":{"line":111,"column":2},"end":{"line":111,"column":66}},{"start":{},"end":{}}],"line":111}},"s":{"0":2,"1":2,"2":2,"3":2,"4":2,"5":2,"6":2,"7":0,"8":0,"9":2,"10":0,"11":0,"12":0,"13":0,"14":2,"15":0,"16":0,"17":0,"18":0,"19":0,"20":0,"21":0,"22":0,"23":0,"24":0,"25":0,"26":0,"27":0,"28":0,"29":0,"30":0,"31":0,"32":0,"33":0,"34":0,"35":0,"36":0,"37":0,"38":0,"39":0,"40":2,"41":0,"42":0,"43":0,"44":0,"45":0,"46":0,"47":0,"48":0,"49":0,"50":0,"51":0,"52":0,"53":0,"54":0,"55":0,"56":2,"57":0,"58":0,"59":0,"60":0,"61":2},"f":{"0":0,"1":0,"2":0,"3":0,"4":0},"b":{"0":[0,0],"1":[0,0],"2":[0,0],"3":[0,0],"4":[0,0],"5":[0,0],"6":[0,0],"7":[0,0],"8":[0,0],"9":[0,0],"10":[0,0]},"_coverageSchema":"1a1c01bbd47fc00a2c39e90264f33305004495a9","hash":"e19279b8825c7348cb94c81eb6b211e45ae4c691"}
,"C:\\Users\\Nati\\OneDrive\\Desktop\\modules\\BackEnd\\Node workspace\\genres-Endpoint\\routes\\user.js": {"path":"C:\\Users\\Nati\\OneDrive\\Desktop\\modules\\BackEnd\\Node workspace\\genres-Endpoint\\routes\\user.js","statementMap":{"0":{"start":{"line":1,"column":13},"end":{"line":1,"column":42}},"1":{"start":{"line":2,"column":10},"end":{"line":2,"column":27}},"2":{"start":{"line":3,"column":15},"end":{"line":3,"column":32}},"3":{"start":{"line":4,"column":27},"end":{"line":4,"column":51}},"4":{"start":{"line":5,"column":16},"end":{"line":5,"column":34}},"5":{"start":{"line":6,"column":15},"end":{"line":6,"column":31}},"6":{"start":{"line":8,"column":0},"end":{"line":11,"column":3}},"7":{"start":{"line":9,"column":15},"end":{"line":9,"column":68}},"8":{"start":{"line":10,"column":2},"end":{"line":10,"column":17}},"9":{"start":{"line":12,"column":0},"end":{"line":30,"column":3}},"10":{"start":{"line":13,"column":20},"end":{"line":13,"column":33}},"11":{"start":{"line":14,"column":2},"end":{"line":14,"column":67}},"12":{"start":{"line":14,"column":13},"end":{"line":14,"column":67}},"13":{"start":{"line":16,"column":13},"end":{"line":16,"column":58}},"14":{"start":{"line":17,"column":2},"end":{"line":17,"column":68}},"15":{"start":{"line":17,"column":12},"end":{"line":17,"column":68}},"16":{"start":{"line":19,"column":2},"end":{"line":19,"column":67}},"17":{"start":{"line":21,"column":15},"end":{"line":21,"column":39}},"18":{"start":{"line":22,"column":2},"end":{"line":22,"column":61}},"19":{"start":{"line":24,"column":2},"end":{"line":24,"column":20}},"20":{"start":{"line":26,"column":16},"end":{"line":26,"column":40}},"21":{"start":{"line":27,"column":2},"end":{"line":29,"column":50}},"22":{"start":{"line":32,"column":0},"end":{"line":32,"column":24}}},"fnMap":{"0":{"name":"(anonymous_0)","decl":{"start":{"line":8,"column":24},"end":{"line":8,"column":25}},"loc":{"start":{"line":8,"column":44},"end":{"line":11,"column":1}},"line":8},"1":{"name":"(anonymous_1)","decl":{"start":{"line":12,"column":17},"end":{"line":12,"column":18}},"loc":{"start":{"line":12,"column":37},"end":{"line":30,"column":1}},"line":12}},"branchMap":{"0":{"loc":{"start":{"line":14,"column":2},"end":{"line":14,"column":67}},"type":"if","locations":[{"start":{"line":14,"column":2},"end":{"line":14,"column":67}},{"start":{},"end":{}}],"line":14},"1":{"loc":{"start":{"line":17,"column":2},"end":{"line":17,"column":68}},"type":"if","locations":[{"start":{"line":17,"column":2},"end":{"line":17,"column":68}},{"start":{},"end":{}}],"line":17}},"s":{"0":2,"1":2,"2":2,"3":2,"4":2,"5":2,"6":2,"7":0,"8":0,"9":2,"10":0,"11":0,"12":0,"13":0,"14":0,"15":0,"16":0,"17":0,"18":0,"19":0,"20":0,"21":0,"22":2},"f":{"0":0,"1":0},"b":{"0":[0,0],"1":[0,0]},"_coverageSchema":"1a1c01bbd47fc00a2c39e90264f33305004495a9","hash":"3ee9b6dc8e03e0659f92faf4818c8909db67f350"}
,"C:\\Users\\Nati\\OneDrive\\Desktop\\modules\\BackEnd\\Node workspace\\genres-Endpoint\\startup\\config.js": {"path":"C:\\Users\\Nati\\OneDrive\\Desktop\\modules\\BackEnd\\Node workspace\\genres-Endpoint\\startup\\config.js","statementMap":{"0":{"start":{"line":1,"column":15},"end":{"line":1,"column":32}},"1":{"start":{"line":2,"column":0},"end":{"line":6,"column":2}},"2":{"start":{"line":3,"column":2},"end":{"line":5,"column":3}},"3":{"start":{"line":4,"column":4},"end":{"line":4,"column":64}}},"fnMap":{"0":{"name":"(anonymous_0)","decl":{"start":{"line":2,"column":17},"end":{"line":2,"column":18}},"loc":{"start":{"line":2,"column":29},"end":{"line":6,"column":1}},"line":2}},"branchMap":{"0":{"loc":{"start":{"line":3,"column":2},"end":{"line":5,"column":3}},"type":"if","locations":[{"start":{"line":3,"column":2},"end":{"line":5,"column":3}},{"start":{},"end":{}}],"line":3}},"s":{"0":2,"1":2,"2":2,"3":0},"f":{"0":2},"b":{"0":[0,2]},"_coverageSchema":"1a1c01bbd47fc00a2c39e90264f33305004495a9","hash":"05ff099f30e05a1051c077a8a2068c388d4a855f"}
,"C:\\Users\\Nati\\OneDrive\\Desktop\\modules\\BackEnd\\Node workspace\\genres-Endpoint\\startup\\db.js": {"path":"C:\\Users\\Nati\\OneDrive\\Desktop\\modules\\BackEnd\\Node workspace\\genres-Endpoint\\startup\\db.js","statementMap":{"0":{"start":{"line":1,"column":17},"end":{"line":1,"column":36}},"1":{"start":{"line":2,"column":16},"end":{"line":2,"column":34}},"2":{"start":{"line":3,"column":15},"end":{"line":3,"column":32}},"3":{"start":{"line":4,"column":15},"end":{"line":4,"column":35}},"4":{"start":{"line":5,"column":0},"end":{"line":10,"column":2}},"5":{"start":{"line":6,"column":13},"end":{"line":6,"column":29}},"6":{"start":{"line":7,"column":2},"end":{"line":9,"column":64}},"7":{"start":{"line":9,"column":16},"end":{"line":9,"column":62}}},"fnMap":{"0":{"name":"(anonymous_0)","decl":{"start":{"line":5,"column":17},"end":{"line":5,"column":18}},"loc":{"start":{"line":5,"column":29},"end":{"line":10,"column":1}},"line":5},"1":{"name":"(anonymous_1)","decl":{"start":{"line":9,"column":10},"end":{"line":9,"column":11}},"loc":{"start":{"line":9,"column":16},"end":{"line":9,"column":62}},"line":9}},"branchMap":{},"s":{"0":2,"1":2,"2":2,"3":2,"4":2,"5":2,"6":2,"7":2},"f":{"0":2,"1":2},"b":{},"_coverageSchema":"1a1c01bbd47fc00a2c39e90264f33305004495a9","hash":"1869cb6abf71a5c0335c507a7d6a34f28f854db0"}
,"C:\\Users\\Nati\\OneDrive\\Desktop\\modules\\BackEnd\\Node workspace\\genres-Endpoint\\startup\\routes.js": {"path":"C:\\Users\\Nati\\OneDrive\\Desktop\\modules\\BackEnd\\Node workspace\\genres-Endpoint\\startup\\routes.js","statementMap":{"0":{"start":{"line":1,"column":16},"end":{"line":1,"column":34}},"1":{"start":{"line":2,"column":15},"end":{"line":2,"column":42}},"2":{"start":{"line":3,"column":18},"end":{"line":3,"column":47}},"3":{"start":{"line":4,"column":15},"end":{"line":4,"column":42}},"4":{"start":{"line":5,"column":16},"end":{"line":5,"column":43}},"5":{"start":{"line":6,"column":14},"end":{"line":6,"column":39}},"6":{"start":{"line":7,"column":13},"end":{"line":7,"column":38}},"7":{"start":{"line":8,"column":14},"end":{"line":8,"column":44}},"8":{"start":{"line":9,"column":0},"end":{"line":18,"column":2}},"9":{"start":{"line":10,"column":2},"end":{"line":10,"column":26}},"10":{"start":{"line":11,"column":2},"end":{"line":11,"column":33}},"11":{"start":{"line":12,"column":2},"end":{"line":12,"column":33}},"12":{"start":{"line":13,"column":2},"end":{"line":13,"column":39}},"13":{"start":{"line":14,"column":2},"end":{"line":14,"column":35}},"14":{"start":{"line":15,"column":2},"end":{"line":15,"column":31}},"15":{"start":{"line":16,"column":2},"end":{"line":16,"column":29}},"16":{"start":{"line":17,"column":2},"end":{"line":17,"column":17}}},"fnMap":{"0":{"name":"(anonymous_0)","decl":{"start":{"line":9,"column":17},"end":{"line":9,"column":18}},"loc":{"start":{"line":9,"column":32},"end":{"line":18,"column":1}},"line":9}},"branchMap":{},"s":{"0":2,"1":2,"2":2,"3":2,"4":2,"5":2,"6":2,"7":2,"8":2,"9":2,"10":2,"11":2,"12":2,"13":2,"14":2,"15":2,"16":2},"f":{"0":2},"b":{},"_coverageSchema":"1a1c01bbd47fc00a2c39e90264f33305004495a9","hash":"4a32384cbc8b543e029279cf0e2e8dc89393ef3d"}
,"C:\\Users\\Nati\\OneDrive\\Desktop\\modules\\BackEnd\\Node workspace\\genres-Endpoint\\startup\\validation.js": {"path":"C:\\Users\\Nati\\OneDrive\\Desktop\\modules\\BackEnd\\Node workspace\\genres-Endpoint\\startup\\validation.js","statementMap":{"0":{"start":{"line":1,"column":12},"end":{"line":1,"column":26}},"1":{"start":{"line":2,"column":0},"end":{"line":4,"column":2}},"2":{"start":{"line":3,"column":2},"end":{"line":3,"column":46}}},"fnMap":{"0":{"name":"(anonymous_0)","decl":{"start":{"line":2,"column":17},"end":{"line":2,"column":18}},"loc":{"start":{"line":2,"column":29},"end":{"line":4,"column":1}},"line":2}},"branchMap":{},"s":{"0":2,"1":2,"2":2},"f":{"0":2},"b":{},"_coverageSchema":"1a1c01bbd47fc00a2c39e90264f33305004495a9","hash":"668a88c444af0391e41ae10cdfd3943453ea1280"}
}
